oct-05 22:59:17.164 [main] DEBUG nextflow.cli.Launcher - $> nextflow run plot-microRNA-targets.nf --path_data test/data/pop1_out --path_data_2 test/data/pop1_pop2 --path_data_3 test/data/pop2_out --output_dir test/data/results -resume -with-report test/data/results/20211005_225913_report.html -with-dag test/data/results/20211005_225913.DAG.html
oct-05 22:59:17.630 [main] INFO  nextflow.cli.CmdRun - N E X T F L O W  ~  version 21.04.3
oct-05 22:59:17.738 [main] INFO  nextflow.cli.CmdRun - Launching `plot-microRNA-targets.nf` [prickly_lavoisier] - revision: d71ec852cc
oct-05 22:59:18.072 [main] DEBUG nextflow.plugin.PluginsFacade - Setting up plugin manager > mode=prod; plugins-dir=/home/fermiron/.nextflow/plugins
oct-05 22:59:18.078 [main] DEBUG nextflow.plugin.PluginsFacade - Plugins default=[]
oct-05 22:59:18.085 [main] DEBUG nextflow.plugin.PluginsFacade - Plugins local root: .nextflow/plr/empty
oct-05 22:59:18.109 [main] INFO  org.pf4j.DefaultPluginStatusProvider - Enabled plugins: []
oct-05 22:59:18.112 [main] INFO  org.pf4j.DefaultPluginStatusProvider - Disabled plugins: []
oct-05 22:59:18.124 [main] INFO  org.pf4j.DefaultPluginManager - PF4J version 3.4.1 in 'deployment' mode
oct-05 22:59:18.166 [main] INFO  org.pf4j.AbstractPluginManager - No plugins
oct-05 22:59:18.313 [main] DEBUG nextflow.Session - Session uuid: 29128325-14b8-470d-b74f-d3d04ca99e0a
oct-05 22:59:18.314 [main] DEBUG nextflow.Session - Run name: prickly_lavoisier
oct-05 22:59:18.322 [main] DEBUG nextflow.Session - Executor pool size: 4
oct-05 22:59:18.452 [main] DEBUG nextflow.cli.CmdRun - 
  Version: 21.04.3 build 5560
  Created: 21-07-2021 15:09 UTC (10:09 CDT)
  System: Linux 5.4.0-87-generic
  Runtime: Groovy 3.0.7 on OpenJDK 64-Bit Server VM 11.0.11+9-Ubuntu-0ubuntu2.18.04
  Encoding: UTF-8 (UTF-8)
  Process: 13963@fermiron-VirtualBox [127.0.1.1]
  CPUs: 4 - Mem: 4.8 GB (768.9 MB) - Swap: 2 GB (2 GB)
oct-05 22:59:18.590 [main] DEBUG nextflow.Session - Work-dir: /home/fermiron/Imágenes/nf_PBS_DSL2/work [ext2/ext3]
oct-05 22:59:18.592 [main] DEBUG nextflow.Session - Script base path does not exist or is not a directory: /home/fermiron/Imágenes/nf_PBS_DSL2/bin
oct-05 22:59:18.637 [main] DEBUG nextflow.executor.ExecutorFactory - Extension executors providers=[]
oct-05 22:59:18.683 [main] DEBUG nextflow.Session - Observer factory: DefaultObserverFactory
oct-05 22:59:19.220 [main] DEBUG nextflow.Session - Session start invoked
oct-05 22:59:21.718 [main] DEBUG nextflow.script.ScriptRunner - > Launching execution
oct-05 22:59:21.811 [main] INFO  nextflow.Nextflow - 
==========================================
The PBS calculator tool
v0.1
==========================================

oct-05 22:59:21.814 [main] INFO  nextflow.Nextflow - --Nextflow metadata--
oct-05 22:59:21.847 [main] INFO  nextflow.Nextflow - Resumed run?   : true
Run Name       : prickly_lavoisier
Current user   : fermiron
Start time     : 2021-10-05T225918.746570-0500
Script dir     : /home/fermiron/Imágenes/nf_PBS_DSL2
Working dir    : /home/fermiron/Imágenes/nf_PBS_DSL2/work
Current dir    : /home/fermiron/Imágenes/nf_PBS_DSL2
Launch command : nextflow run plot-microRNA-targets.nf --path_data test/data/pop1_out --path_data_2 test/data/pop1_pop2 --path_data_3 test/data/pop2_out --output_dir test/data/results -resume -with-report test/data/results/20211005_225913_report.html -with-dag test/data/results/20211005_225913.DAG.html
oct-05 22:59:21.856 [main] INFO  nextflow.Nextflow - 

--Pipeline Parameters--
oct-05 22:59:21.861 [main] INFO  nextflow.Nextflow - Input data     : test/data/pop2_out
Results Dir    : test/data/results/nf_PBS-results/
Intermediate Dir: test/data/results/nf_PBS-intermediate/
oct-05 22:59:21.863 [main] INFO  nextflow.Nextflow - ==========================================
Pipeline Start
oct-05 22:59:22.555 [main] DEBUG nextflow.Session - Workflow process names [dsl2]: wrangling_3, wrangling_2, fst_wrangling
oct-05 22:59:22.744 [main] DEBUG nextflow.executor.ExecutorFactory - << taskConfig executor: null
oct-05 22:59:22.745 [main] DEBUG nextflow.executor.ExecutorFactory - >> processorType: 'local'
oct-05 22:59:22.772 [main] DEBUG nextflow.executor.Executor - [warm up] executor > local
oct-05 22:59:22.792 [main] DEBUG n.processor.LocalPollingMonitor - Creating local task monitor for executor 'local' > cpus=4; memory=4.8 GB; capacity=4; pollInterval=100ms; dumpInterval=5m
oct-05 22:59:23.164 [main] DEBUG nextflow.executor.ExecutorFactory - << taskConfig executor: null
oct-05 22:59:23.165 [main] DEBUG nextflow.executor.ExecutorFactory - >> processorType: 'local'
oct-05 22:59:23.186 [main] DEBUG nextflow.executor.ExecutorFactory - << taskConfig executor: null
oct-05 22:59:23.186 [main] DEBUG nextflow.executor.ExecutorFactory - >> processorType: 'local'
oct-05 22:59:23.321 [main] DEBUG nextflow.Session - Ignite dataflow network (7)
oct-05 22:59:23.382 [main] DEBUG nextflow.processor.TaskProcessor - Starting process > fst_wrangling
oct-05 22:59:23.384 [main] DEBUG nextflow.processor.TaskProcessor - Starting process > wrangling_2
oct-05 22:59:23.385 [main] DEBUG nextflow.processor.TaskProcessor - Starting process > wrangling_3
oct-05 22:59:23.386 [main] DEBUG nextflow.script.ScriptRunner - > Await termination 
oct-05 22:59:23.386 [main] DEBUG nextflow.Session - Session await
oct-05 22:59:24.215 [Actor Thread 7] INFO  nextflow.processor.TaskProcessor - [83/e05731] Cached process > wrangling_2 (1)
oct-05 22:59:24.209 [Actor Thread 9] INFO  nextflow.processor.TaskProcessor - [3f/207bc8] Cached process > wrangling_3 (1)
oct-05 22:59:24.209 [Actor Thread 8] INFO  nextflow.processor.TaskProcessor - [33/76aa81] Cached process > fst_wrangling (1)
oct-05 22:59:24.393 [Actor Thread 8] DEBUG n.util.BlockingThreadExecutorFactory - Thread pool name=FileTransfer; maxThreads=12; maxQueueSize=36; keepAlive=1m
oct-05 22:59:24.439 [main] DEBUG nextflow.Session - Session await > all process finished
oct-05 22:59:24.467 [main] DEBUG nextflow.Session - Session await > all barriers passed
oct-05 22:59:24.506 [main] DEBUG nextflow.trace.WorkflowStatsObserver - Workflow completed > WorkflowStats[succeededCount=0; failedCount=0; ignoredCount=0; cachedCount=3; pendingCount=0; submittedCount=0; runningCount=0; retriesCount=0; abortedCount=0; succeedDuration=0ms; failedDuration=0ms; cachedDuration=11.3s;loadCpus=0; loadMemory=0; peakRunning=0; peakCpus=0; peakMemory=0; ]
oct-05 22:59:24.509 [main] DEBUG nextflow.trace.ReportObserver - Flow completing -- rendering html report
oct-05 22:59:24.687 [main] DEBUG nextflow.trace.ReportObserver - Execution report summary data:
  [{"cpuUsage":{"mean":101.7,"min":101.7,"q1":101.7,"q2":101.7,"q3":101.7,"max":101.7,"minLabel":"wrangling_3 (1)","maxLabel":"wrangling_3 (1)","q1Label":"wrangling_3 (1)","q2Label":"wrangling_3 (1)","q3Label":"wrangling_3 (1)"},"process":"wrangling_3","mem":{"mean":120303616,"min":120303616,"q1":120303616,"q2":120303616,"q3":120303616,"max":120303616,"minLabel":"wrangling_3 (1)","maxLabel":"wrangling_3 (1)","q1Label":"wrangling_3 (1)","q2Label":"wrangling_3 (1)","q3Label":"wrangling_3 (1)"},"memUsage":null,"timeUsage":null,"vmem":{"mean":350302208,"min":350302208,"q1":350302208,"q2":350302208,"q3":350302208,"max":350302208,"minLabel":"wrangling_3 (1)","maxLabel":"wrangling_3 (1)","q1Label":"wrangling_3 (1)","q2Label":"wrangling_3 (1)","q3Label":"wrangling_3 (1)"},"reads":{"mean":17675490,"min":17675490,"q1":17675490,"q2":17675490,"q3":17675490,"max":17675490,"minLabel":"wrangling_3 (1)","maxLabel":"wrangling_3 (1)","q1Label":"wrangling_3 (1)","q2Label":"wrangling_3 (1)","q3Label":"wrangling_3 (1)"},"cpu":{"mean":101.7,"min":101.7,"q1":101.7,"q2":101.7,"q3":101.7,"max":101.7,"minLabel":"wrangling_3 (1)","maxLabel":"wrangling_3 (1)","q1Label":"wrangling_3 (1)","q2Label":"wrangling_3 (1)","q3Label":"wrangling_3 (1)"},"time":{"mean":3716,"min":3716,"q1":3716,"q2":3716,"q3":3716,"max":3716,"minLabel":"wrangling_3 (1)","maxLabel":"wrangling_3 (1)","q1Label":"wrangling_3 (1)","q2Label":"wrangling_3 (1)","q3Label":"wrangling_3 (1)"},"writes":{"mean":1691,"min":1691,"q1":1691,"q2":1691,"q3":1691,"max":1691,"minLabel":"wrangling_3 (1)","maxLabel":"wrangling_3 (1)","q1Label":"wrangling_3 (1)","q2Label":"wrangling_3 (1)","q3Label":"wrangling_3 (1)"}},{"cpuUsage":{"mean":98.1,"min":98.1,"q1":98.1,"q2":98.1,"q3":98.1,"max":98.1,"minLabel":"wrangling_2 (1)","maxLabel":"wrangling_2 (1)","q1Label":"wrangling_2 (1)","q2Label":"wrangling_2 (1)","q3Label":"wrangling_2 (1)"},"process":"wrangling_2","mem":{"mean":124276736,"min":124276736,"q1":124276736,"q2":124276736,"q3":124276736,"max":124276736,"minLabel":"wrangling_2 (1)","maxLabel":"wrangling_2 (1)","q1Label":"wrangling_2 (1)","q2Label":"wrangling_2 (1)","q3Label":"wrangling_2 (1)"},"memUsage":null,"timeUsage":null,"vmem":{"mean":368328704,"min":368328704,"q1":368328704,"q2":368328704,"q3":368328704,"max":368328704,"minLabel":"wrangling_2 (1)","maxLabel":"wrangling_2 (1)","q1Label":"wrangling_2 (1)","q2Label":"wrangling_2 (1)","q3Label":"wrangling_2 (1)"},"reads":{"mean":17675425,"min":17675425,"q1":17675425,"q2":17675425,"q3":17675425,"max":17675425,"minLabel":"wrangling_2 (1)","maxLabel":"wrangling_2 (1)","q1Label":"wrangling_2 (1)","q2Label":"wrangling_2 (1)","q3Label":"wrangling_2 (1)"},"cpu":{"mean":98.1,"min":98.1,"q1":98.1,"q2":98.1,"q3":98.1,"max":98.1,"minLabel":"wrangling_2 (1)","maxLabel":"wrangling_2 (1)","q1Label":"wrangling_2 (1)","q2Label":"wrangling_2 (1)","q3Label":"wrangling_2 (1)"},"time":{"mean":3904,"min":3904,"q1":3904,"q2":3904,"q3":3904,"max":3904,"minLabel":"wrangling_2 (1)","maxLabel":"wrangling_2 (1)","q1Label":"wrangling_2 (1)","q2Label":"wrangling_2 (1)","q3Label":"wrangling_2 (1)"},"writes":{"mean":1690,"min":1690,"q1":1690,"q2":1690,"q3":1690,"max":1690,"minLabel":"wrangling_2 (1)","maxLabel":"wrangling_2 (1)","q1Label":"wrangling_2 (1)","q2Label":"wrangling_2 (1)","q3Label":"wrangling_2 (1)"}},{"cpuUsage":{"mean":103.8,"min":103.8,"q1":103.8,"q2":103.8,"q3":103.8,"max":103.8,"minLabel":"fst_wrangling (1)","maxLabel":"fst_wrangling (1)","q1Label":"fst_wrangling (1)","q2Label":"fst_wrangling (1)","q3Label":"fst_wrangling (1)"},"process":"fst_wrangling","mem":{"mean":124489728,"min":124489728,"q1":124489728,"q2":124489728,"q3":124489728,"max":124489728,"minLabel":"fst_wrangling (1)","maxLabel":"fst_wrangling (1)","q1Label":"fst_wrangling (1)","q2Label":"fst_wrangling (1)","q3Label":"fst_wrangling (1)"},"memUsage":null,"timeUsage":null,"vmem":{"mean":368320512,"min":368320512,"q1":368320512,"q2":368320512,"q3":368320512,"max":368320512,"minLabel":"fst_wrangling (1)","maxLabel":"fst_wrangling (1)","q1Label":"fst_wrangling (1)","q2Label":"fst_wrangling (1)","q3Label":"fst_wrangling (1)"},"reads":{"mean":17675195,"min":17675195,"q1":17675195,"q2":17675195,"q3":17675195,"max":17675195,"minLabel":"fst_wrangling (1)","maxLabel":"fst_wrangling (1)","q1Label":"fst_wrangling (1)","q2Label":"fst_wrangling (1)","q3Label":"fst_wrangling (1)"},"cpu":{"mean":103.8,"min":103.8,"q1":103.8,"q2":103.8,"q3":103.8,"max":103.8,"minLabel":"fst_wrangling (1)","maxLabel":"fst_wrangling (1)","q1Label":"fst_wrangling (1)","q2Label":"fst_wrangling (1)","q3Label":"fst_wrangling (1)"},"time":{"mean":3682,"min":3682,"q1":3682,"q2":3682,"q3":3682,"max":3682,"minLabel":"fst_wrangling (1)","maxLabel":"fst_wrangling (1)","q1Label":"fst_wrangling (1)","q2Label":"fst_wrangling (1)","q3Label":"fst_wrangling (1)"},"writes":{"mean":1690,"min":1690,"q1":1690,"q2":1690,"q3":1690,"max":1690,"minLabel":"fst_wrangling (1)","maxLabel":"fst_wrangling (1)","q1Label":"fst_wrangling (1)","q2Label":"fst_wrangling (1)","q3Label":"fst_wrangling (1)"}}]
oct-05 22:59:26.208 [main] DEBUG nextflow.CacheDB - Closing CacheDB done
oct-05 22:59:26.255 [main] DEBUG nextflow.script.ScriptRunner - > Execution complete -- Goodbye
