
Attaching package: ‘dplyr’

The following objects are masked from ‘package:stats’:

    filter, lag

The following objects are masked from ‘package:base’:

    intersect, setdiff, setequal, union

`stat_bin()` using `bins = 30`. Pick better value with `binwidth`.
Warning message:
In eval(substitute(list(...)), `_data`, parent.frame()) :
  NAs introducidos por coerción
Warning message:
In eval(substitute(list(...)), `_data`, parent.frame()) :
  NAs introducidos por coerción
Warning message:
In eval(substitute(list(...)), `_data`, parent.frame()) :
  NAs introducidos por coerción
Warning message:
In eval(substitute(list(...)), `_data`, parent.frame()) :
  NAs introducidos por coerción
Warning message:
In eval(substitute(list(...)), `_data`, parent.frame()) :
  NAs introducidos por coerción
Warning message:
In eval(substitute(list(...)), `_data`, parent.frame()) :
  NAs introducidos por coerción
`stat_bin()` using `bins = 30`. Pick better value with `binwidth`.
